<?xml version="1.0" encoding="UTF-8"?>
<!-- Generated by org.testng.reporters.JUnitXMLReporter -->
<testsuite hostname="DESKTOP-95F3AST" ignored="0" name="Default test" tests="6" failures="0" timestamp="07 Apr 2018 17:34:35 GMT" time="0.11" errors="0">
  <testcase name="testAdd" time="0.02" classname="hello.Sample2"/>
  <testcase name="testAdd2" time="0.007" classname="hello.Sample2"/>
  <testcase name="testAdd3" time="0.002" classname="hello.Sample2"/>
  <testcase name="testAdd4" time="0.002" classname="hello.TestNGSimpleTest"/>
  <testcase name="testAdd5" time="0.002" classname="hello.TestNGSimpleTest"/>
  <testcase name="testAdd6" time="0.004" classname="hello.TestNGSimpleTest"/>
</testsuite> <!-- Default test -->
